# JRE version: Java(TM) SE Runtime Environment (8.0_131-b11) (build 1.8.0_131-b11)
# Java VM: Java HotSpot(TM) 64-Bit Server VM (25.131-b11 mixed mode windows-amd64 compressed oops)
Heap:
 PSYoungGen      total 18432K, used 2528K [0x00000000f5580000, 0x00000000f7980000, 0x0000000100000000)
  eden space 15872K, 0% used [0x00000000f5580000,0x00000000f5580000,0x00000000f6500000)
  from space 2560K, 98% used [0x00000000f6780000,0x00000000f69f8030,0x00000000f6a00000)
  to   space 2560K, 0% used [0x00000000f6500000,0x00000000f6500000,0x00000000f6780000)
 ParOldGen       total 42496K, used 10442K [0x00000000e0000000, 0x00000000e2980000, 0x00000000f5580000)
  object space 42496K, 24% used [0x00000000e0000000,0x00000000e0a32b60,0x00000000e2980000)
 Metaspace       used 20054K, capacity 21174K, committed 21248K, reserved 1067008K
  class space    used 2836K, capacity 3052K, committed 3072K, reserved 1048576K
GC Heap History (9 events):
Event: 1.326 GC heap before
{Heap before GC invocations=1 (full 0):
 PSYoungGen      total 18432K, used 15872K [0x00000000f5580000, 0x00000000f6a00000, 0x0000000100000000)
  eden space 15872K, 100% used [0x00000000f5580000,0x00000000f6500000,0x00000000f6500000)
  from space 2560K, 0% used [0x00000000f6780000,0x00000000f6780000,0x00000000f6a00000)
  to   space 2560K, 0% used [0x00000000f6500000,0x00000000f6500000,0x00000000f6780000)
 ParOldGen       total 42496K, used 0K [0x00000000e0000000, 0x00000000e2980000, 0x00000000f5580000)
  object space 42496K, 0% used [0x00000000e0000000,0x00000000e0000000,0x00000000e2980000)
 Metaspace       used 10323K, capacity 10652K, committed 10752K, reserved 1058816K
  class space    used 1356K, capacity 1477K, committed 1536K, reserved 1048576K
Event: 1.338 GC heap after
Heap after GC invocations=1 (full 0):
 PSYoungGen      total 18432K, used 2032K [0x00000000f5580000, 0x00000000f6a00000, 0x0000000100000000)
  eden space 15872K, 0% used [0x00000000f5580000,0x00000000f5580000,0x00000000f6500000)
  from space 2560K, 79% used [0x00000000f6500000,0x00000000f66fc060,0x00000000f6780000)
  to   space 2560K, 0% used [0x00000000f6780000,0x00000000f6780000,0x00000000f6a00000)
 ParOldGen       total 42496K, used 8K [0x00000000e0000000, 0x00000000e2980000, 0x00000000f5580000)
  object space 42496K, 0% used [0x00000000e0000000,0x00000000e0002000,0x00000000e2980000)
 Metaspace       used 10323K, capacity 10652K, committed 10752K, reserved 1058816K
  class space    used 1356K, capacity 1477K, committed 1536K, reserved 1048576K
}
Event: 2.285 GC heap before
{Heap before GC invocations=2 (full 0):
 PSYoungGen      total 18432K, used 17904K [0x00000000f5580000, 0x00000000f6a00000, 0x0000000100000000)
  eden space 15872K, 100% used [0x00000000f5580000,0x00000000f6500000,0x00000000f6500000)
  from space 2560K, 79% used [0x00000000f6500000,0x00000000f66fc060,0x00000000f6780000)
  to   space 2560K, 0% used [0x00000000f6780000,0x00000000f6780000,0x00000000f6a00000)
 ParOldGen       total 42496K, used 8K [0x00000000e0000000, 0x00000000e2980000, 0x00000000f5580000)
  object space 42496K, 0% used [0x00000000e0000000,0x00000000e0002000,0x00000000e2980000)
 Metaspace       used 14583K, capacity 15230K, committed 15360K, reserved 1062912K
  class space    used 2146K, capacity 2297K, committed 2304K, reserved 1048576K
Event: 2.299 GC heap after
Heap after GC invocations=2 (full 0):
 PSYoungGen      total 18432K, used 2544K [0x00000000f5580000, 0x00000000f7980000, 0x0000000100000000)
  eden space 15872K, 0% used [0x00000000f5580000,0x00000000f5580000,0x00000000f6500000)
  from space 2560K, 99% used [0x00000000f6780000,0x00000000f69fc040,0x00000000f6a00000)
  to   space 2560K, 0% used [0x00000000f6500000,0x00000000f6500000,0x00000000f6780000)
 ParOldGen       total 42496K, used 6550K [0x00000000e0000000, 0x00000000e2980000, 0x00000000f5580000)
  object space 42496K, 15% used [0x00000000e0000000,0x00000000e0665ae0,0x00000000e2980000)
 Metaspace       used 14583K, capacity 15230K, committed 15360K, reserved 1062912K
  class space    used 2146K, capacity 2297K, committed 2304K, reserved 1048576K
}
Event: 10.320 GC heap before
{Heap before GC invocations=3 (full 0):
 PSYoungGen      total 18432K, used 18416K [0x00000000f5580000, 0x00000000f7980000, 0x0000000100000000)
  eden space 15872K, 100% used [0x00000000f5580000,0x00000000f6500000,0x00000000f6500000)
  from space 2560K, 99% used [0x00000000f6780000,0x00000000f69fc040,0x00000000f6a00000)
  to   space 2560K, 0% used [0x00000000f6500000,0x00000000f6500000,0x00000000f6780000)
 ParOldGen       total 42496K, used 6550K [0x00000000e0000000, 0x00000000e2980000, 0x00000000f5580000)
  object space 42496K, 15% used [0x00000000e0000000,0x00000000e0665ae0,0x00000000e2980000)
 Metaspace       used 18940K, capacity 19754K, committed 19968K, reserved 1067008K
  class space    used 2622K, capacity 2794K, committed 2816K, reserved 1048576K
Event: 10.347 GC heap after
Heap after GC invocations=3 (full 0):
 PSYoungGen      total 18432K, used 2528K [0x00000000f5580000, 0x00000000f6a00000, 0x0000000100000000)
  eden space 15872K, 0% used [0x00000000f5580000,0x00000000f5580000,0x00000000f6500000)
  from space 2560K, 98% used [0x00000000f6500000,0x00000000f6778030,0x00000000f6780000)
  to   space 2560K, 0% used [0x00000000f6780000,0x00000000f6780000,0x00000000f6a00000)
 ParOldGen       total 42496K, used 9834K [0x00000000e0000000, 0x00000000e2980000, 0x00000000f5580000)
  object space 42496K, 23% used [0x00000000e0000000,0x00000000e099ab60,0x00000000e2980000)
 Metaspace       used 18940K, capacity 19754K, committed 19968K, reserved 1067008K
  class space    used 2622K, capacity 2794K, committed 2816K, reserved 1048576K
}
Event: 10.779 GC heap before
{Heap before GC invocations=4 (full 0):
 PSYoungGen      total 18432K, used 7131K [0x00000000f5580000, 0x00000000f6a00000, 0x0000000100000000)
  eden space 15872K, 29% used [0x00000000f5580000,0x00000000f59fec70,0x00000000f6500000)
  from space 2560K, 98% used [0x00000000f6500000,0x00000000f6778030,0x00000000f6780000)
  to   space 2560K, 0% used [0x00000000f6780000,0x00000000f6780000,0x00000000f6a00000)
 ParOldGen       total 42496K, used 9834K [0x00000000e0000000, 0x00000000e2980000, 0x00000000f5580000)
  object space 42496K, 23% used [0x00000000e0000000,0x00000000e099ab60,0x00000000e2980000)
 Metaspace       used 20054K, capacity 21174K, committed 21248K, reserved 1067008K
  class space    used 2836K, capacity 3052K, committed 3072K, reserved 1048576K
Event: 10.795 GC heap after
Heap after GC invocations=4 (full 0):
 PSYoungGen      total 18432K, used 2528K [0x00000000f5580000, 0x00000000f7980000, 0x0000000100000000)
  eden space 15872K, 0% used [0x00000000f5580000,0x00000000f5580000,0x00000000f6500000)
  from space 2560K, 98% used [0x00000000f6780000,0x00000000f69f8030,0x00000000f6a00000)
  to   space 2560K, 0% used [0x00000000f6500000,0x00000000f6500000,0x00000000f6780000)
 ParOldGen       total 42496K, used 10442K [0x00000000e0000000, 0x00000000e2980000, 0x00000000f5580000)
  object space 42496K, 24% used [0x00000000e0000000,0x00000000e0a32b60,0x00000000e2980000)
 Metaspace       used 20054K, capacity 21174K, committed 21248K, reserved 1067008K
  class space    used 2836K, capacity 3052K, committed 3072K, reserved 1048576K
}
Event: 10.795 GC heap before
{Heap before GC invocations=5 (full 1):
 PSYoungGen      total 18432K, used 2528K [0x00000000f5580000, 0x00000000f7980000, 0x0000000100000000)
  eden space 15872K, 0% used [0x00000000f5580000,0x00000000f5580000,0x00000000f6500000)
  from space 2560K, 98% used [0x00000000f6780000,0x00000000f69f8030,0x00000000f6a00000)
  to   space 2560K, 0% used [0x00000000f6500000,0x00000000f6500000,0x00000000f6780000)
 ParOldGen       total 42496K, used 10442K [0x00000000e0000000, 0x00000000e2980000, 0x00000000f5580000)
  object space 42496K, 24% used [0x00000000e0000000,0x00000000e0a32b60,0x00000000e2980000)
 Metaspace       used 20054K, capacity 21174K, committed 21248K, reserved 1067008K
  class space    used 2836K, capacity 3052K, committed 3072K, reserved 1048576K

